This is pdfTeX, Version 3.14159265-2.6-1.40.21 (TeX Live 2020) (preloaded format=pdflatex 2020.12.2)  3 JAN 2021 19:54
entering extended mode
 restricted \write18 enabled.
 %&-line parsing enabled.
**_main.tex
(./_main.tex
LaTeX2e <2020-10-01> patch level 2
L3 programming layer <2020-10-27> xparse <2020-03-03> (/home/christopher/.TinyT
eX/texmf-dist/tex/latex/base/book.cls
Document Class: book 2020/04/10 v1.4m Standard LaTeX document class
(/home/christopher/.TinyTeX/texmf-dist/tex/latex/base/bk10.clo
File: bk10.clo 2020/04/10 v1.4m Standard LaTeX file (size option)
)
\c@part=\count175
\c@chapter=\count176
\c@section=\count177
\c@subsection=\count178
\c@subsubsection=\count179
\c@paragraph=\count180
\c@subparagraph=\count181
\c@figure=\count182
\c@table=\count183
\abovecaptionskip=\skip47
\belowcaptionskip=\skip48
\bibindent=\dimen138
) (/home/christopher/.TinyTeX/texmf-dist/tex/latex/lm/lmodern.sty
Package: lmodern 2009/10/30 v1.6 Latin Modern Fonts
LaTeX Font Info:    Overwriting symbol font `operators' in version `normal'
(Font)                  OT1/cmr/m/n --> OT1/lmr/m/n on input line 22.
LaTeX Font Info:    Overwriting symbol font `letters' in version `normal'
(Font)                  OML/cmm/m/it --> OML/lmm/m/it on input line 23.
LaTeX Font Info:    Overwriting symbol font `symbols' in version `normal'
(Font)                  OMS/cmsy/m/n --> OMS/lmsy/m/n on input line 24.
LaTeX Font Info:    Overwriting symbol font `largesymbols' in version `normal'
(Font)                  OMX/cmex/m/n --> OMX/lmex/m/n on input line 25.
LaTeX Font Info:    Overwriting symbol font `operators' in version `bold'
(Font)                  OT1/cmr/bx/n --> OT1/lmr/bx/n on input line 26.
LaTeX Font Info:    Overwriting symbol font `letters' in version `bold'
(Font)                  OML/cmm/b/it --> OML/lmm/b/it on input line 27.
LaTeX Font Info:    Overwriting symbol font `symbols' in version `bold'
(Font)                  OMS/cmsy/b/n --> OMS/lmsy/b/n on input line 28.
LaTeX Font Info:    Overwriting symbol font `largesymbols' in version `bold'
(Font)                  OMX/cmex/m/n --> OMX/lmex/m/n on input line 29.
LaTeX Font Info:    Overwriting math alphabet `\mathbf' in version `normal'
(Font)                  OT1/cmr/bx/n --> OT1/lmr/bx/n on input line 31.
LaTeX Font Info:    Overwriting math alphabet `\mathsf' in version `normal'
(Font)                  OT1/cmss/m/n --> OT1/lmss/m/n on input line 32.
LaTeX Font Info:    Overwriting math alphabet `\mathit' in version `normal'
(Font)                  OT1/cmr/m/it --> OT1/lmr/m/it on input line 33.
LaTeX Font Info:    Overwriting math alphabet `\mathtt' in version `normal'
(Font)                  OT1/cmtt/m/n --> OT1/lmtt/m/n on input line 34.
LaTeX Font Info:    Overwriting math alphabet `\mathbf' in version `bold'
(Font)                  OT1/cmr/bx/n --> OT1/lmr/bx/n on input line 35.
LaTeX Font Info:    Overwriting math alphabet `\mathsf' in version `bold'
(Font)                  OT1/cmss/bx/n --> OT1/lmss/bx/n on input line 36.
LaTeX Font Info:    Overwriting math alphabet `\mathit' in version `bold'
(Font)                  OT1/cmr/bx/it --> OT1/lmr/bx/it on input line 37.
LaTeX Font Info:    Overwriting math alphabet `\mathtt' in version `bold'
(Font)                  OT1/cmtt/m/n --> OT1/lmtt/m/n on input line 38.
) (/home/christopher/.TinyTeX/texmf-dist/tex/latex/amsfonts/amssymb.sty
Package: amssymb 2013/01/14 v3.01 AMS font symbols
(/home/christopher/.TinyTeX/texmf-dist/tex/latex/amsfonts/amsfonts.sty
Package: amsfonts 2013/01/14 v3.01 Basic AMSFonts support
\@emptytoks=\toks15
\symAMSa=\mathgroup4
\symAMSb=\mathgroup5
LaTeX Font Info:    Redeclaring math symbol \hbar on input line 98.
LaTeX Font Info:    Overwriting math alphabet `\mathfrak' in version `bold'
(Font)                  U/euf/m/n --> U/euf/b/n on input line 106.
)) (/home/christopher/.TinyTeX/texmf-dist/tex/latex/amsmath/amsmath.sty
Package: amsmath 2020/09/23 v2.17i AMS math features
\@mathmargin=\skip49
For additional information on amsmath, use the `?' option.
(/home/christopher/.TinyTeX/texmf-dist/tex/latex/amsmath/amstext.sty
Package: amstext 2000/06/29 v2.01 AMS text
(/home/christopher/.TinyTeX/texmf-dist/tex/latex/amsmath/amsgen.sty
File: amsgen.sty 1999/11/30 v2.0 generic functions
\@emptytoks=\toks16
\ex@=\dimen139
)) (/home/christopher/.TinyTeX/texmf-dist/tex/latex/amsmath/amsbsy.sty
Package: amsbsy 1999/11/29 v1.2d Bold Symbols
\pmbraise@=\dimen140
) (/home/christopher/.TinyTeX/texmf-dist/tex/latex/amsmath/amsopn.sty
Package: amsopn 2016/03/08 v2.02 operator names
)
\inf@bad=\count184
LaTeX Info: Redefining \frac on input line 234.
\uproot@=\count185
\leftroot@=\count186
LaTeX Info: Redefining \overline on input line 399.
\classnum@=\count187
\DOTSCASE@=\count188
LaTeX Info: Redefining \ldots on input line 496.
LaTeX Info: Redefining \dots on input line 499.
LaTeX Info: Redefining \cdots on input line 620.
\Mathstrutbox@=\box47
\strutbox@=\box48
\big@size=\dimen141
LaTeX Font Info:    Redeclaring font encoding OML on input line 743.
LaTeX Font Info:    Redeclaring font encoding OMS on input line 744.
\macc@depth=\count189
\c@MaxMatrixCols=\count190
\dotsspace@=\muskip16
\c@parentequation=\count191
\dspbrk@lvl=\count192
\tag@help=\toks17
\row@=\count193
\column@=\count194
\maxfields@=\count195
\andhelp@=\toks18
\eqnshift@=\dimen142
\alignsep@=\dimen143
\tagshift@=\dimen144
\tagwidth@=\dimen145
\totwidth@=\dimen146
\lineht@=\dimen147
\@envbody=\toks19
\multlinegap=\skip50
\multlinetaggap=\skip51
\mathdisplay@stack=\toks20
LaTeX Info: Redefining \[ on input line 2923.
LaTeX Info: Redefining \] on input line 2924.
) (/home/christopher/.TinyTeX/texmf-dist/tex/generic/iftex/ifxetex.sty
Package: ifxetex 2019/10/25 v0.7 ifxetex legacy package. Use iftex instead.
(/home/christopher/.TinyTeX/texmf-dist/tex/generic/iftex/iftex.sty
Package: iftex 2020/03/06 v1.0d TeX engine tests
)) (/home/christopher/.TinyTeX/texmf-dist/tex/generic/iftex/ifluatex.sty
Package: ifluatex 2019/10/25 v1.5 ifluatex legacy package. Use iftex instead.
) (/home/christopher/.TinyTeX/texmf-dist/tex/latex/base/fixltx2e.sty
Package: fixltx2e 2016/12/29 v2.1a fixes to LaTeX (obsolete)
Applying: [2015/01/01] Old fixltx2e package on input line 46.

Package fixltx2e Warning: fixltx2e is not required with releases after 2015
(fixltx2e)                All fixes are now in the LaTeX kernel.
(fixltx2e)                See the latexrelease package for details.

Already applied: [0000/00/00] Old fixltx2e package on input line 53.
) (/home/christopher/.TinyTeX/texmf-dist/tex/latex/base/fontenc.sty
Package: fontenc 2020/08/10 v2.0s Standard LaTeX package
LaTeX Font Info:    Trying to load font information for T1+lmr on input line 11
2.
(/home/christopher/.TinyTeX/texmf-dist/tex/latex/lm/t1lmr.fd
File: t1lmr.fd 2009/10/30 v1.6 Font defs for Latin Modern
)) (/home/christopher/.TinyTeX/texmf-dist/tex/latex/base/inputenc.sty
Package: inputenc 2020/08/01 v1.3d Input encoding file
\inpenc@prehook=\toks21
\inpenc@posthook=\toks22
) (/home/christopher/.TinyTeX/texmf-dist/tex/latex/base/textcomp.sty
Package: textcomp 2020/02/02 v2.0n Standard LaTeX package
) (/home/christopher/.TinyTeX/texmf-dist/tex/latex/hyperref/hyperref.sty
Package: hyperref 2020-05-15 v7.00e Hypertext links for LaTeX
(/home/christopher/.TinyTeX/texmf-dist/tex/generic/ltxcmds/ltxcmds.sty
Package: ltxcmds 2020-05-10 v1.25 LaTeX kernel commands for general use (HO)
) (/home/christopher/.TinyTeX/texmf-dist/tex/generic/pdftexcmds/pdftexcmds.sty
Package: pdftexcmds 2020-06-27 v0.33 Utility functions of pdfTeX for LuaTeX (HO
)
(/home/christopher/.TinyTeX/texmf-dist/tex/generic/infwarerr/infwarerr.sty
Package: infwarerr 2019/12/03 v1.5 Providing info/warning/error messages (HO)
)
Package pdftexcmds Info: \pdf@primitive is available.
Package pdftexcmds Info: \pdf@ifprimitive is available.
Package pdftexcmds Info: \pdfdraftmode found.
) (/home/christopher/.TinyTeX/texmf-dist/tex/latex/graphics/keyval.sty
Package: keyval 2014/10/28 v1.15 key=value parser (DPC)
\KV@toks@=\toks23
) (/home/christopher/.TinyTeX/texmf-dist/tex/generic/kvsetkeys/kvsetkeys.sty
Package: kvsetkeys 2019/12/15 v1.18 Key value parser (HO)
)
(/home/christopher/.TinyTeX/texmf-dist/tex/generic/kvdefinekeys/kvdefinekeys.st
y
Package: kvdefinekeys 2019-12-19 v1.6 Define keys (HO)
) (/home/christopher/.TinyTeX/texmf-dist/tex/generic/pdfescape/pdfescape.sty
Package: pdfescape 2019/12/09 v1.15 Implements pdfTeX's escape features (HO)
) (/home/christopher/.TinyTeX/texmf-dist/tex/latex/hycolor/hycolor.sty
Package: hycolor 2020-01-27 v1.10 Color options for hyperref/bookmark (HO)
) (/home/christopher/.TinyTeX/texmf-dist/tex/latex/letltxmacro/letltxmacro.sty
Package: letltxmacro 2019/12/03 v1.6 Let assignment for LaTeX macros (HO)
) (/home/christopher/.TinyTeX/texmf-dist/tex/latex/auxhook/auxhook.sty
Package: auxhook 2019-12-17 v1.6 Hooks for auxiliary files (HO)
) (/home/christopher/.TinyTeX/texmf-dist/tex/latex/kvoptions/kvoptions.sty
Package: kvoptions 2020-10-07 v3.14 Key value format for package options (HO)
)
\@linkdim=\dimen148
\Hy@linkcounter=\count196
\Hy@pagecounter=\count197
(/home/christopher/.TinyTeX/texmf-dist/tex/latex/hyperref/pd1enc.def
File: pd1enc.def 2020-05-15 v7.00e Hyperref: PDFDocEncoding definition (HO)
Now handling font encoding PD1 ...
... no UTF-8 mapping file for font encoding PD1
) (/home/christopher/.TinyTeX/texmf-dist/tex/generic/intcalc/intcalc.sty
Package: intcalc 2019/12/15 v1.3 Expandable calculations with integers (HO)
) (/home/christopher/.TinyTeX/texmf-dist/tex/generic/etexcmds/etexcmds.sty
Package: etexcmds 2019/12/15 v1.7 Avoid name clashes with e-TeX commands (HO)
)
\Hy@SavedSpaceFactor=\count198
Package hyperref Info: Option `unicode' set `true' on input line 4338.
(/home/christopher/.TinyTeX/texmf-dist/tex/latex/hyperref/puenc.def
File: puenc.def 2020-05-15 v7.00e Hyperref: PDF Unicode definition (HO)
Now handling font encoding PU ...
... no UTF-8 mapping file for font encoding PU
)
Package hyperref Info: Hyper figures OFF on input line 4464.
Package hyperref Info: Link nesting OFF on input line 4469.
Package hyperref Info: Hyper index ON on input line 4472.
Package hyperref Info: Plain pages OFF on input line 4479.
Package hyperref Info: Backreferencing OFF on input line 4484.
Package hyperref Info: Implicit mode ON; LaTeX internals redefined.
Package hyperref Info: Bookmarks ON on input line 4717.
\c@Hy@tempcnt=\count199
(/home/christopher/.TinyTeX/texmf-dist/tex/latex/url/url.sty
\Urlmuskip=\muskip17
Package: url 2013/09/16  ver 3.4  Verb mode for urls, etc.
)
LaTeX Info: Redefining \url on input line 5076.
\XeTeXLinkMargin=\dimen149
(/home/christopher/.TinyTeX/texmf-dist/tex/generic/bitset/bitset.sty
Package: bitset 2019/12/09 v1.3 Handle bit-vector datatype (HO)
(/home/christopher/.TinyTeX/texmf-dist/tex/generic/bigintcalc/bigintcalc.sty
Package: bigintcalc 2019/12/15 v1.5 Expandable calculations on big integers (HO
)
))
\Fld@menulength=\count266
\Field@Width=\dimen150
\Fld@charsize=\dimen151
Package hyperref Info: Hyper figures OFF on input line 6347.
Package hyperref Info: Link nesting OFF on input line 6352.
Package hyperref Info: Hyper index ON on input line 6355.
Package hyperref Info: backreferencing OFF on input line 6362.
Package hyperref Info: Link coloring OFF on input line 6367.
Package hyperref Info: Link coloring with OCG OFF on input line 6372.
Package hyperref Info: PDF/A mode OFF on input line 6377.
LaTeX Info: Redefining \ref on input line 6417.
LaTeX Info: Redefining \pageref on input line 6421.
(/home/christopher/.TinyTeX/texmf-dist/tex/latex/base/atbegshi-ltx.sty
Package: atbegshi-ltx 2020/08/17 v1.0a Emulation of the original atbegshi packa
ge
with kernel methods
)
\Hy@abspage=\count267
\c@Item=\count268
\c@Hfootnote=\count269
)
Package hyperref Info: Driver (autodetected): hpdftex.
(/home/christopher/.TinyTeX/texmf-dist/tex/latex/hyperref/hpdftex.def
File: hpdftex.def 2020-05-15 v7.00e Hyperref driver for pdfTeX
(/home/christopher/.TinyTeX/texmf-dist/tex/latex/base/atveryend-ltx.sty
Package: atveryend-ltx 2020/08/19 v1.0a Emulation of the original atvery packag
e
with kernel methods
)
\Fld@listcount=\count270
\c@bookmark@seq@number=\count271

(/home/christopher/.TinyTeX/texmf-dist/tex/latex/rerunfilecheck/rerunfilecheck.
sty
Package: rerunfilecheck 2019/12/05 v1.9 Rerun checks for auxiliary files (HO)

(/home/christopher/.TinyTeX/texmf-dist/tex/generic/uniquecounter/uniquecounter.
sty
Package: uniquecounter 2019/12/15 v1.4 Provide unlimited unique counter (HO)
)
Package uniquecounter Info: New unique counter `rerunfilecheck' on input line 2
86.
)
\Hy@SectionHShift=\skip52
)
Package hyperref Info: Option `breaklinks' set `true' on input line 35.
(/home/christopher/.TinyTeX/texmf-dist/tex/latex/graphics/color.sty
Package: color 2020/02/24 v1.2b Standard LaTeX Color (DPC)
(/home/christopher/.TinyTeX/texmf-dist/tex/latex/graphics-cfg/color.cfg
File: color.cfg 2016/01/02 v1.6 sample color configuration
)
Package color Info: Driver file: pdftex.def on input line 147.
(/home/christopher/.TinyTeX/texmf-dist/tex/latex/graphics-def/pdftex.def
File: pdftex.def 2020/10/05 v1.2a Graphics/color driver for pdftex
)) (/home/christopher/.TinyTeX/texmf-dist/tex/latex/fancyvrb/fancyvrb.sty
Package: fancyvrb 2020/05/03 v3.6 verbatim text (tvz,hv)
\FV@CodeLineNo=\count272
\FV@InFile=\read2
\FV@TabBox=\box49
\c@FancyVerbLine=\count273
\FV@StepNumber=\count274
\FV@OutFile=\write3
) (/home/christopher/.TinyTeX/texmf-dist/tex/latex/framed/framed.sty
Package: framed 2011/10/22 v 0.96: framed or shaded text with page breaks
\OuterFrameSep=\skip53
\fb@frw=\dimen152
\fb@frh=\dimen153
\FrameRule=\dimen154
\FrameSep=\dimen155
) (/home/christopher/.TinyTeX/texmf-dist/tex/latex/tools/longtable.sty
Package: longtable 2020/01/07 v4.13 Multi-page Table package (DPC)
\LTleft=\skip54
\LTright=\skip55
\LTpre=\skip56
\LTpost=\skip57
\LTchunksize=\count275
\LTcapwidth=\dimen156
\LT@head=\box50
\LT@firsthead=\box51
\LT@foot=\box52
\LT@lastfoot=\box53
\LT@cols=\count276
\LT@rows=\count277
\c@LT@tables=\count278
\c@LT@chunks=\count279
\LT@p@ftn=\toks24
) (/home/christopher/.TinyTeX/texmf-dist/tex/latex/booktabs/booktabs.sty
Package: booktabs 2020/01/12 v1.61803398 Publication quality tables
\heavyrulewidth=\dimen157
\lightrulewidth=\dimen158
\cmidrulewidth=\dimen159
\belowrulesep=\dimen160
\belowbottomsep=\dimen161
\aboverulesep=\dimen162
\abovetopsep=\dimen163
\cmidrulesep=\dimen164
\cmidrulekern=\dimen165
\defaultaddspace=\dimen166
\@cmidla=\count280
\@cmidlb=\count281
\@aboverulesep=\dimen167
\@belowrulesep=\dimen168
\@thisruleclass=\count282
\@lastruleclass=\count283
\@thisrulewidth=\dimen169
) (/home/christopher/.TinyTeX/texmf-dist/tex/latex/mdwtools/footnote.sty
Package: footnote 1997/01/28 1.13 Save footnotes around boxes
\fn@notes=\box54
\fn@width=\dimen170
) (/home/christopher/.TinyTeX/texmf-dist/tex/latex/graphics/graphicx.sty
Package: graphicx 2020/09/09 v1.2b Enhanced LaTeX Graphics (DPC,SPQR)
(/home/christopher/.TinyTeX/texmf-dist/tex/latex/graphics/graphics.sty
Package: graphics 2020/08/30 v1.4c Standard LaTeX Graphics (DPC,SPQR)
(/home/christopher/.TinyTeX/texmf-dist/tex/latex/graphics/trig.sty
Package: trig 2016/01/03 v1.10 sin cos tan (DPC)
) (/home/christopher/.TinyTeX/texmf-dist/tex/latex/graphics-cfg/graphics.cfg
File: graphics.cfg 2016/06/04 v1.11 sample graphics configuration
)
Package graphics Info: Driver file: pdftex.def on input line 105.
)
\Gin@req@height=\dimen171
\Gin@req@width=\dimen172
) (/home/christopher/.TinyTeX/texmf-dist/tex/latex/grffile/grffile.sty
Package: grffile 2019/11/11 v2.1 Extended file name support for graphics (legac
y)
Package grffile Info: This package is an empty stub for compatibility on input 
line 40.
) (/home/christopher/.TinyTeX/texmf-dist/tex/latex/tools/array.sty
Package: array 2020/10/01 v2.5c Tabular extension package (FMi)
\col@sep=\dimen173
\ar@mcellbox=\box55
\extrarowheight=\dimen174
\NC@list=\toks25
\extratabsurround=\skip58
\backup@length=\skip59
\ar@cellbox=\box56
) (/home/christopher/.TinyTeX/texmf-dist/tex/latex/multirow/multirow.sty
Package: multirow 2019/05/31 v2.5 Span multiple rows of a table
\multirow@colwidth=\skip60
\multirow@cntb=\count284
\multirow@dima=\skip61
\bigstrutjot=\dimen175
) (/home/christopher/.TinyTeX/texmf-dist/tex/latex/wrapfig/wrapfig.sty
\wrapoverhang=\dimen176
\WF@size=\dimen177
\c@WF@wrappedlines=\count285
\WF@box=\box57
\WF@everypar=\toks26
Package: wrapfig 2003/01/31  v 3.6
) (/home/christopher/.TinyTeX/texmf-dist/tex/latex/float/float.sty
Package: float 2001/11/08 v1.3d Float enhancements (AL)
\c@float@type=\count286
\float@exts=\toks27
\float@box=\box58
\@float@everytoks=\toks28
\@floatcapt=\box59
) (/home/christopher/.TinyTeX/texmf-dist/tex/latex/colortbl/colortbl.sty
Package: colortbl 2020/01/04 v1.0e Color table columns (DPC)
\everycr=\toks29
\minrowclearance=\skip62
) (/home/christopher/.TinyTeX/texmf-dist/tex/latex/pdflscape/pdflscape.sty
Package: pdflscape 2019/12/05 v0.12 Display of landscape pages in PDF (HO)
(/home/christopher/.TinyTeX/texmf-dist/tex/latex/graphics/lscape.sty
Package: lscape 2020/05/28 v3.02 Landscape Pages (DPC)
)
Package pdflscape Info: Auto-detected driver: pdftex on input line 81.
) (/home/christopher/.TinyTeX/texmf-dist/tex/latex/tabu/tabu.sty
Package: tabu 2019/01/11 v2.9 - flexible LaTeX tabulars (FC+tabu-fixed)
(/home/christopher/.TinyTeX/texmf-dist/tex/latex/varwidth/varwidth.sty
Package: varwidth 2009/03/30 ver 0.92;  Variable-width minipages
\@vwid@box=\box60
\sift@deathcycles=\count287
\@vwid@loff=\dimen178
\@vwid@roff=\dimen179
)
\c@taburow=\count288
\tabu@nbcols=\count289
\tabu@cnt=\count290
\tabu@Xcol=\count291
\tabu@alloc=\count292
\tabu@nested=\count293
\tabu@target=\dimen180
\tabu@spreadtarget=\dimen181
\tabu@naturalX=\dimen182
\tabucolX=\dimen183
\tabu@Xsum=\dimen184
\extrarowdepth=\dimen185
\abovetabulinesep=\dimen186
\belowtabulinesep=\dimen187
\tabustrutrule=\dimen188
\tabu@thebody=\toks30
\tabu@footnotes=\toks31
\tabu@box=\box61
\tabu@arstrutbox=\box62
\tabu@hleads=\box63
\tabu@vleads=\box64
\tabu@cellskip=\skip63
)
(/home/christopher/.TinyTeX/texmf-dist/tex/latex/threeparttable/threeparttable.
sty
Package: threeparttable 2003/06/13  v 3.0
\@tempboxb=\box65
)
(/home/christopher/.TinyTeX/texmf-dist/tex/latex/threeparttablex/threeparttable
x.sty
Package: threeparttablex 2013/07/23 v0.3 by daleif
(/home/christopher/.TinyTeX/texmf-dist/tex/latex/environ/environ.sty
Package: environ 2014/05/04 v0.3 A new way to define environments
(/home/christopher/.TinyTeX/texmf-dist/tex/latex/trimspaces/trimspaces.sty
Package: trimspaces 2009/09/17 v1.1 Trim spaces around a token list
))
\TPTL@width=\skip64
) (/home/christopher/.TinyTeX/texmf-dist/tex/generic/ulem/ulem.sty
\UL@box=\box66
\UL@hyphenbox=\box67
\UL@skip=\skip65
\UL@hook=\toks32
\UL@height=\dimen189
\UL@pe=\count294
\UL@pixel=\dimen190
\ULC@box=\box68
Package: ulem 2019/11/18
\ULdepth=\dimen191
) (/home/christopher/.TinyTeX/texmf-dist/tex/latex/makecell/makecell.sty
Package: makecell 2009/08/03 V0.1e Managing of Tab Column Heads and Cells
\rotheadsize=\dimen192
\c@nlinenum=\count295
\TeXr@lab=\toks33
) (/home/christopher/.TinyTeX/texmf-dist/tex/latex/xcolor/xcolor.sty
Package: xcolor 2016/05/11 v2.12 LaTeX color extensions (UK)
(/home/christopher/.TinyTeX/texmf-dist/tex/latex/graphics-cfg/color.cfg
File: color.cfg 2016/01/02 v1.6 sample color configuration
)
Package xcolor Info: Driver file: pdftex.def on input line 225.
LaTeX Info: Redefining \color on input line 709.
Package xcolor Info: Model `cmy' substituted by `cmy0' on input line 1348.
Package xcolor Info: Model `hsb' substituted by `rgb' on input line 1352.
Package xcolor Info: Model `RGB' extended on input line 1364.
Package xcolor Info: Model `HTML' substituted by `rgb' on input line 1366.
Package xcolor Info: Model `Hsb' substituted by `hsb' on input line 1367.
Package xcolor Info: Model `tHsb' substituted by `hsb' on input line 1368.
Package xcolor Info: Model `HSB' substituted by `hsb' on input line 1369.
Package xcolor Info: Model `Gray' substituted by `gray' on input line 1370.
Package xcolor Info: Model `wave' substituted by `hsb' on input line 1371.
)
(/home/christopher/.TinyTeX/texmf-dist/tex/latex/l3backend/l3backend-pdftex.def
File: l3backend-pdftex.def 2020-09-24 L3 backend support: PDF output (pdfTeX)
\l__kernel_color_stack_int=\count296
\l__pdf_internal_box=\box69
) (./_main.aux)
\openout1 = `_main.aux'.

LaTeX Font Info:    Checking defaults for OML/cmm/m/it on input line 127.
LaTeX Font Info:    ... okay on input line 127.
LaTeX Font Info:    Checking defaults for OMS/cmsy/m/n on input line 127.
LaTeX Font Info:    ... okay on input line 127.
LaTeX Font Info:    Checking defaults for OT1/cmr/m/n on input line 127.
LaTeX Font Info:    ... okay on input line 127.
LaTeX Font Info:    Checking defaults for T1/cmr/m/n on input line 127.
LaTeX Font Info:    ... okay on input line 127.
LaTeX Font Info:    Checking defaults for TS1/cmr/m/n on input line 127.
LaTeX Font Info:    ... okay on input line 127.
LaTeX Font Info:    Checking defaults for OMX/cmex/m/n on input line 127.
LaTeX Font Info:    ... okay on input line 127.
LaTeX Font Info:    Checking defaults for U/cmr/m/n on input line 127.
LaTeX Font Info:    ... okay on input line 127.
LaTeX Font Info:    Checking defaults for PD1/pdf/m/n on input line 127.
LaTeX Font Info:    ... okay on input line 127.
LaTeX Font Info:    Checking defaults for PU/pdf/m/n on input line 127.
LaTeX Font Info:    ... okay on input line 127.
Package hyperref Info: Link coloring OFF on input line 127.
(/home/christopher/.TinyTeX/texmf-dist/tex/latex/hyperref/nameref.sty
Package: nameref 2019/09/16 v2.46 Cross-referencing by name of section
(/home/christopher/.TinyTeX/texmf-dist/tex/latex/refcount/refcount.sty
Package: refcount 2019/12/15 v3.6 Data extraction from label references (HO)
)
(/home/christopher/.TinyTeX/texmf-dist/tex/generic/gettitlestring/gettitlestrin
g.sty
Package: gettitlestring 2019/12/15 v1.6 Cleanup title references (HO)
)
\c@section@level=\count297
)
LaTeX Info: Redefining \ref on input line 127.
LaTeX Info: Redefining \pageref on input line 127.
LaTeX Info: Redefining \nameref on input line 127.
(./_main.out) (./_main.out)
\@outlinefile=\write4
\openout4 = `_main.out'.


(/home/christopher/.TinyTeX/texmf-dist/tex/latex/epstopdf-pkg/epstopdf-base.sty
Package: epstopdf-base 2020-01-24 v2.11 Base part for package epstopdf
Package epstopdf-base Info: Redefining graphics rule for `.eps' on input line 4
85.
(/home/christopher/.TinyTeX/texmf-dist/tex/latex/latexconfig/epstopdf-sys.cfg
File: epstopdf-sys.cfg 2010/07/13 v1.3 Configuration of (r)epstopdf for TeX Liv
e
))
LaTeX Font Info:    Trying to load font information for OT1+lmr on input line 1
29.
(/home/christopher/.TinyTeX/texmf-dist/tex/latex/lm/ot1lmr.fd
File: ot1lmr.fd 2009/10/30 v1.6 Font defs for Latin Modern
)
LaTeX Font Info:    Trying to load font information for OML+lmm on input line 1
29.
(/home/christopher/.TinyTeX/texmf-dist/tex/latex/lm/omllmm.fd
File: omllmm.fd 2009/10/30 v1.6 Font defs for Latin Modern
)
LaTeX Font Info:    Trying to load font information for OMS+lmsy on input line 
129.
(/home/christopher/.TinyTeX/texmf-dist/tex/latex/lm/omslmsy.fd
File: omslmsy.fd 2009/10/30 v1.6 Font defs for Latin Modern
)
LaTeX Font Info:    Trying to load font information for OMX+lmex on input line 
129.
(/home/christopher/.TinyTeX/texmf-dist/tex/latex/lm/omxlmex.fd
File: omxlmex.fd 2009/10/30 v1.6 Font defs for Latin Modern
)
LaTeX Font Info:    External font `lmex10' loaded for size
(Font)              <12> on input line 129.
LaTeX Font Info:    External font `lmex10' loaded for size
(Font)              <8> on input line 129.
LaTeX Font Info:    External font `lmex10' loaded for size
(Font)              <6> on input line 129.
LaTeX Font Info:    Trying to load font information for U+msa on input line 129
.
(/home/christopher/.TinyTeX/texmf-dist/tex/latex/amsfonts/umsa.fd
File: umsa.fd 2013/01/14 v3.01 AMS symbols A
)
LaTeX Font Info:    Trying to load font information for U+msb on input line 129
.
(/home/christopher/.TinyTeX/texmf-dist/tex/latex/amsfonts/umsb.fd
File: umsb.fd 2013/01/14 v3.01 AMS symbols B
) [1


{/home/christopher/.TinyTeX/texmf-var/fonts/map/pdftex/updmap/pdftex.map}] [2

] (./_main.toc
LaTeX Font Info:    External font `lmex10' loaded for size
(Font)              <10> on input line 2.
LaTeX Font Info:    External font `lmex10' loaded for size
(Font)              <7> on input line 2.
LaTeX Font Info:    External font `lmex10' loaded for size
(Font)              <5> on input line 2.
[3])
\tf@toc=\write5
\openout5 = `_main.toc'.

[4]
Chapter 1.
LaTeX Font Info:    Trying to load font information for T1+lmtt on input line 1
41.
(/home/christopher/.TinyTeX/texmf-dist/tex/latex/lm/t1lmtt.fd
File: t1lmtt.fd 2009/10/30 v1.6 Font defs for Latin Modern
) [5

]
LaTeX Font Info:    Trying to load font information for TS1+lmr on input line 1
79.
(/home/christopher/.TinyTeX/texmf-dist/tex/latex/lm/ts1lmr.fd
File: ts1lmr.fd 2009/10/30 v1.6 Font defs for Latin Modern
) [6]
Chapter 2.
[7

] [8] [9] [10

]
Chapter 3.

Overfull \hbox (78.71068pt too wide) in paragraph at lines 280--282
[]\T1/lmr/m/n/10 If a pack-age ex-ists on CRAN, it can be in-stalled by writ-in
g \T1/lmtt/m/n/10 install.packages("package.name").
 []

[11]

Package xcolor Warning: Incompatible color definition on input line 285.

LaTeX Font Info:    Font shape `T1/lmtt/bx/n' in size <10> not available
(Font)              Font shape `T1/lmtt/b/n' tried instead on input line 287.

Package xcolor Warning: Incompatible color definition on input line 290.


Package xcolor Warning: Incompatible color definition on input line 290.


Package xcolor Warning: Incompatible color definition on input line 301.


Package xcolor Warning: Incompatible color definition on input line 306.


Package xcolor Warning: Incompatible color definition on input line 306.


Overfull \hbox (2.88383pt too wide) has occurred while \output is active
\T1/lmr/m/n/10 12 \T1/lmr/m/sl/10 CHAPTER 3.  GOING THROUGH A PROJECT FROM STAR
T TO FINISH
 []

[12]
Underfull \hbox (badness 1460) in paragraph at lines 314--315
\T1/lmr/m/n/10 This cre-ates a new data frame called \T1/lmtt/m/n/10 titanic.su
bset \T1/lmr/m/n/10 with only con-
 []


Package xcolor Warning: Incompatible color definition on input line 322.


Package xcolor Warning: Incompatible color definition on input line 326.


Package xcolor Warning: Incompatible color definition on input line 326.

LaTeX Font Info:    Trying to load font information for TS1+lmtt on input line 
328.
(/home/christopher/.TinyTeX/texmf-dist/tex/latex/lm/ts1lmtt.fd
File: ts1lmtt.fd 2009/10/30 v1.6 Font defs for Latin Modern
) [13]

Package xcolor Warning: Incompatible color definition on input line 337.


Package xcolor Warning: Incompatible color definition on input line 344.


Package xcolor Warning: Incompatible color definition on input line 344.

<Going_through_a_project_from_start_to_finish_files/figure-latex/unnamed-chunk-
4-1.pdf, id=257, 469.755pt x 325.215pt>
File: Going_through_a_project_from_start_to_finish_files/figure-latex/unnamed-c
hunk-4-1.pdf Graphic file (type pdf)
<use Going_through_a_project_from_start_to_finish_files/figure-latex/unnamed-ch
unk-4-1.pdf>
Package pdftex.def Info: Going_through_a_project_from_start_to_finish_files/fig
ure-latex/unnamed-chunk-4-1.pdf  used on input line 350.
(pdftex.def)             Requested size: 344.997pt x 238.84406pt.

Underfull \hbox (badness 10000) in paragraph at lines 350--352
[][]
 []


Overfull \hbox (2.88383pt too wide) has occurred while \output is active
\T1/lmr/m/n/10 14 \T1/lmr/m/sl/10 CHAPTER 3.  GOING THROUGH A PROJECT FROM STAR
T TO FINISH
 []

[14 <./Going_through_a_project_from_start_to_finish_files/figure-latex/unnamed-
chunk-4-1.pdf>]

Package xcolor Warning: Incompatible color definition on input line 355.


Package xcolor Warning: Incompatible color definition on input line 362.


Package xcolor Warning: Incompatible color definition on input line 362.

<Going_through_a_project_from_start_to_finish_files/figure-latex/unnamed-chunk-
5-1.pdf, id=268, 469.755pt x 325.215pt>
File: Going_through_a_project_from_start_to_finish_files/figure-latex/unnamed-c
hunk-5-1.pdf Graphic file (type pdf)
<use Going_through_a_project_from_start_to_finish_files/figure-latex/unnamed-ch
unk-5-1.pdf>
Package pdftex.def Info: Going_through_a_project_from_start_to_finish_files/fig
ure-latex/unnamed-chunk-5-1.pdf  used on input line 368.
(pdftex.def)             Requested size: 344.997pt x 238.84406pt.

Package xcolor Warning: Incompatible color definition on input line 375.


Package xcolor Warning: Incompatible color definition on input line 381.


Package xcolor Warning: Incompatible color definition on input line 381.


Overfull \hbox (6.74898pt too wide) in paragraph at lines 411--411
[]\T1/lmtt/m/n/10 ## glm(formula = Survived ~ Class + Sex + Age, family = "bino
mial",[] 
 []

[15 <./Going_through_a_project_from_start_to_finish_files/figure-latex/unnamed-
chunk-5-1.pdf>]

Package xcolor Warning: Incompatible color definition on input line 420.


Package xcolor Warning: Incompatible color definition on input line 433.


Package xcolor Warning: Incompatible color definition on input line 433.


Package xcolor Warning: Incompatible color definition on input line 433.


Overfull \hbox (2.88383pt too wide) has occurred while \output is active
\T1/lmr/m/n/10 16 \T1/lmr/m/sl/10 CHAPTER 3.  GOING THROUGH A PROJECT FROM STAR
T TO FINISH
 []

[16]

Package xcolor Warning: Incompatible color definition on input line 433.


Package xcolor Warning: Incompatible color definition on input line 433.


Package xcolor Warning: Incompatible color definition on input line 464.


Package xcolor Warning: Incompatible color definition on input line 488.


Package xcolor Warning: Incompatible color definition on input line 488.


Package xcolor Warning: Incompatible color definition on input line 488.

[17]

Package xcolor Warning: Incompatible color definition on input line 488.


Package xcolor Warning: Incompatible color definition on input line 488.


Package xcolor Warning: Incompatible color definition on input line 518.


Package xcolor Warning: Incompatible color definition on input line 533.


Package xcolor Warning: Incompatible color definition on input line 533.

<Going_through_a_project_from_start_to_finish_files/figure-latex/unnamed-chunk-
9-1.pdf, id=288, 469.755pt x 325.215pt>
File: Going_through_a_project_from_start_to_finish_files/figure-latex/unnamed-c
hunk-9-1.pdf Graphic file (type pdf)
<use Going_through_a_project_from_start_to_finish_files/figure-latex/unnamed-ch
unk-9-1.pdf>
Package pdftex.def Info: Going_through_a_project_from_start_to_finish_files/fig
ure-latex/unnamed-chunk-9-1.pdf  used on input line 535.
(pdftex.def)             Requested size: 344.997pt x 238.84406pt.

Underfull \hbox (badness 10000) in paragraph at lines 535--537
[][]
 []


Overfull \hbox (2.88383pt too wide) has occurred while \output is active
\T1/lmr/m/n/10 18 \T1/lmr/m/sl/10 CHAPTER 3.  GOING THROUGH A PROJECT FROM STAR
T TO FINISH
 []

[18] [19 <./Going_through_a_project_from_start_to_finish_files/figure-latex/unn
amed-chunk-9-1.pdf>]
Overfull \hbox (2.88383pt too wide) has occurred while \output is active
\T1/lmr/m/n/10 20 \T1/lmr/m/sl/10 CHAPTER 3.  GOING THROUGH A PROJECT FROM STAR
T TO FINISH
 []

[20

]
Chapter 4.

Package xcolor Warning: Incompatible color definition on input line 556.


Package xcolor Warning: Incompatible color definition on input line 560.


Package xcolor Warning: Incompatible color definition on input line 560.

[21] [22] [23] [24]
Chapter 5.

Overfull \hbox (1.499pt too wide) in paragraph at lines 666--666
[]\T1/lmtt/m/n/10 zelig(y ~ x1 + x2 + x3, data = example.data, model = "model.t
ype")[] 
 []


Package xcolor Warning: Incompatible color definition on input line 671.


Package xcolor Warning: Incompatible color definition on input line 683.


Package xcolor Warning: Incompatible color definition on input line 683.


Overfull \hbox (6.74898pt too wide) in paragraph at lines 691--691
[]\T1/lmtt/m/n/10 ##   logit: Logistic Regression for Dichotomous Dependent Var
iables[] 
 []

[25

]
Overfull \hbox (190.49844pt too wide) in paragraph at lines 691--691
[]\T1/lmtt/m/n/10 ##   in Christine Choirat, Christopher Gandrud, James Honaker
, Kosuke Imai, Gary King, and Olivia Lau,[] 
 []


Overfull \hbox (27.74892pt too wide) in paragraph at lines 691--691
[]\T1/lmtt/m/n/10 ##   "Zelig: Everyone's Statistical Software," http://zeligpr
oject.org/[] 
 []


Package xcolor Warning: Incompatible color definition on input line 693.


Package xcolor Warning: Incompatible color definition on input line 697.


Package xcolor Warning: Incompatible color definition on input line 697.


Overfull \hbox (53.99884pt too wide) in paragraph at lines 727--727
[]\T1/lmtt/m/n/10 ## z5$zelig(formula = Survived ~ Class + Sex + Age, data = ti
tanic.expanded)[] 
 []


Package xcolor Warning: Incompatible color definition on input line 732.


Package xcolor Warning: Incompatible color definition on input line 745.


Package xcolor Warning: Incompatible color definition on input line 745.


Package xcolor Warning: Incompatible color definition on input line 745.

[26]

Package xcolor Warning: Incompatible color definition on input line 745.


Package xcolor Warning: Incompatible color definition on input line 745.


Package xcolor Warning: Incompatible color definition on input line 778.


Package xcolor Warning: Incompatible color definition on input line 791.


Package xcolor Warning: Incompatible color definition on input line 791.


Underfull \vbox (badness 6188) has occurred while \output is active []

[27] [28]
Chapter 6.

Package xcolor Warning: Incompatible color definition on input line 838.


Package xcolor Warning: Incompatible color definition on input line 842.


Package xcolor Warning: Incompatible color definition on input line 842.

[29

] [30

]
Chapter 7.
[31]
Overfull \hbox (9.6381pt too wide) in paragraph at lines 877--878
[]\T1/lmr/m/n/10 If you want to switch to an-other dataframe, you sim-ply write
 \T1/lmtt/m/n/10 detach(stata.data)
 []


Package xcolor Warning: Incompatible color definition on input line 886.


Package xcolor Warning: Incompatible color definition on input line 894.


Package xcolor Warning: Incompatible color definition on input line 894.

[32] [33] [34

]
Chapter 8.

Package xcolor Warning: Incompatible color definition on input line 928.


Package xcolor Warning: Incompatible color definition on input line 932.


Package xcolor Warning: Incompatible color definition on input line 932.


Overfull \hbox (90.74873pt too wide) in paragraph at lines 936--936
[]\T1/lmtt/m/n/10 ## -- Attaching packages ------------------------------------
--- tidyverse 1.3.0 --[] 
 []


Overfull \hbox (90.74873pt too wide) in paragraph at lines 949--949
[]\T1/lmtt/m/n/10 ## -- Conflicts ------------------------------------------ ti
dyverse_conflicts() --[] 
 []


Package xcolor Warning: Incompatible color definition on input line 951.


Package xcolor Warning: Incompatible color definition on input line 955.


Package xcolor Warning: Incompatible color definition on input line 955.

[35]

Package xcolor Warning: Incompatible color definition on input line 967.


Package xcolor Warning: Incompatible color definition on input line 971.


Package xcolor Warning: Incompatible color definition on input line 971.


Package xcolor Warning: Incompatible color definition on input line 990.


Package xcolor Warning: Incompatible color definition on input line 997.


Package xcolor Warning: Incompatible color definition on input line 997.

<MLE_files/figure-latex/unnamed-chunk-1-1.pdf, id=403, 469.755pt x 325.215pt>
File: MLE_files/figure-latex/unnamed-chunk-1-1.pdf Graphic file (type pdf)
<use MLE_files/figure-latex/unnamed-chunk-1-1.pdf>
Package pdftex.def Info: MLE_files/figure-latex/unnamed-chunk-1-1.pdf  used on 
input line 999.
(pdftex.def)             Requested size: 344.997pt x 238.84406pt.

Package xcolor Warning: Incompatible color definition on input line 1001.

[36 <./MLE_files/figure-latex/unnamed-chunk-1-1.pdf>]

Package xcolor Warning: Incompatible color definition on input line 1008.


Package xcolor Warning: Incompatible color definition on input line 1008.

<MLE_files/figure-latex/unnamed-chunk-1-2.pdf, id=413, 469.755pt x 325.215pt>
File: MLE_files/figure-latex/unnamed-chunk-1-2.pdf Graphic file (type pdf)
<use MLE_files/figure-latex/unnamed-chunk-1-2.pdf>
Package pdftex.def Info: MLE_files/figure-latex/unnamed-chunk-1-2.pdf  used on 
input line 1010.
(pdftex.def)             Requested size: 344.997pt x 238.84406pt.

Package xcolor Warning: Incompatible color definition on input line 1014.


Package xcolor Warning: Incompatible color definition on input line 1018.


Package xcolor Warning: Incompatible color definition on input line 1018.


Underfull \hbox (badness 1990) in paragraph at lines 1026--1027
[]\T1/lmr/m/n/10 In R, we es-ti-mate a logit by spec-i-fy-ing \T1/lmtt/m/n/10 f
amility = binomial(link =
 []


Package xcolor Warning: Incompatible color definition on input line 1028.


Package xcolor Warning: Incompatible color definition on input line 1035.


Package xcolor Warning: Incompatible color definition on input line 1035.

[37 <./MLE_files/figure-latex/unnamed-chunk-1-2.pdf>]
Overfull \hbox (22.49893pt too wide) in paragraph at lines 1064--1064
[]\T1/lmtt/m/n/10 ## glm(formula = Species ~ Sepal.Length + Sepal.Width + Petal
.Length +[] 
 []


Overfull \hbox (43.49887pt too wide) in paragraph at lines 1064--1064
[]\T1/lmtt/m/n/10 ##     Petal.Width, family = binomial(link = "logit"), data =
 iris.binary)[] 
 []


Package xcolor Warning: Incompatible color definition on input line 1074.


Package xcolor Warning: Incompatible color definition on input line 1080.


Package xcolor Warning: Incompatible color definition on input line 1080.


Overfull \hbox (17.24895pt too wide) in paragraph at lines 1084--1084
[]\T1/lmtt/m/n/10 ## Warning: glm.fit: fitted probabilities numerically 0 or 1 
occurred[] 
 []


Package xcolor Warning: Incompatible color definition on input line 1086.


Package xcolor Warning: Incompatible color definition on input line 1090.


Package xcolor Warning: Incompatible color definition on input line 1090.


Overfull \hbox (22.49893pt too wide) in paragraph at lines 1119--1119
[]\T1/lmtt/m/n/10 ## glm(formula = Species ~ Sepal.Length + Sepal.Width + Petal
.Length +[] 
 []


Overfull \hbox (48.74886pt too wide) in paragraph at lines 1119--1119
[]\T1/lmtt/m/n/10 ##     Petal.Width, family = binomial(link = "probit"), data 
= iris.binary)[] 
 []

[38]

Package xcolor Warning: Incompatible color definition on input line 1126.


Package xcolor Warning: Incompatible color definition on input line 1130.


Package xcolor Warning: Incompatible color definition on input line 1130.


Overfull \hbox (43.49887pt too wide) in paragraph at lines 1157--1157
[]\T1/lmtt/m/n/10 ##      carat               cut        color        clarity  
        depth[] 
 []


Overfull \hbox (64.49881pt too wide) in paragraph at lines 1157--1157
[]\T1/lmtt/m/n/10 ##  Min.   :0.2000   Fair     : 1610   D: 6775   SI1    :1306
5   Min.   :43.00[] 
 []


Overfull \hbox (64.49881pt too wide) in paragraph at lines 1157--1157
[]\T1/lmtt/m/n/10 ##  1st Qu.:0.4000   Good     : 4906   E: 9797   VS2    :1225
8   1st Qu.:61.00[] 
 []


Overfull \hbox (64.49881pt too wide) in paragraph at lines 1157--1157
[]\T1/lmtt/m/n/10 ##  Median :0.7000   Very Good:12082   F: 9542   SI2    : 919
4   Median :61.80[] 
 []


Overfull \hbox (64.49881pt too wide) in paragraph at lines 1157--1157
[]\T1/lmtt/m/n/10 ##  Mean   :0.7979   Premium  :13791   G:11292   VS1    : 817
1   Mean   :61.75[] 
 []


Overfull \hbox (64.49881pt too wide) in paragraph at lines 1157--1157
[]\T1/lmtt/m/n/10 ##  3rd Qu.:1.0400   Ideal    :21551   H: 8304   VVS2   : 506
6   3rd Qu.:62.50[] 
 []


Overfull \hbox (64.49881pt too wide) in paragraph at lines 1157--1157
[]\T1/lmtt/m/n/10 ##  Max.   :5.0100                     I: 5422   VVS1   : 365
5   Max.   :79.00[] 
 []


Overfull \hbox (6.74898pt too wide) in paragraph at lines 1157--1157
[]\T1/lmtt/m/n/10 ##  Min.   :43.00   Min.   :  326   Min.   : 0.000   Min.   :
 0.000[] 
 []


Overfull \hbox (6.74898pt too wide) in paragraph at lines 1157--1157
[]\T1/lmtt/m/n/10 ##  1st Qu.:56.00   1st Qu.:  950   1st Qu.: 4.710   1st Qu.:
 4.720[] 
 []

[39]
Overfull \hbox (6.74898pt too wide) in paragraph at lines 1157--1157
[]\T1/lmtt/m/n/10 ##  Median :57.00   Median : 2401   Median : 5.700   Median :
 5.710[] 
 []


Overfull \hbox (6.74898pt too wide) in paragraph at lines 1157--1157
[]\T1/lmtt/m/n/10 ##  Mean   :57.46   Mean   : 3933   Mean   : 5.731   Mean   :
 5.735[] 
 []


Overfull \hbox (6.74898pt too wide) in paragraph at lines 1157--1157
[]\T1/lmtt/m/n/10 ##  3rd Qu.:59.00   3rd Qu.: 5324   3rd Qu.: 6.540   3rd Qu.:
 6.540[] 
 []


Overfull \hbox (6.74898pt too wide) in paragraph at lines 1157--1157
[]\T1/lmtt/m/n/10 ##  Max.   :95.00   Max.   :18823   Max.   :10.740   Max.   :
58.900[] 
 []

[40] (./_main.aux)
Package rerunfilecheck Info: File `_main.out' has not changed.
(rerunfilecheck)             Checksum: 7A768EF169155C3A57F4EFE945CE4992;4551.
 ) 
Here is how much of TeX's memory you used:
 12292 strings out of 481433
 177522 string characters out of 5920117
 471427 words of memory out of 5000000
 28654 multiletter control sequences out of 15000+600000
 614655 words of font info for 83 fonts, out of 8000000 for 9000
 14 hyphenation exceptions out of 8191
 66i,13n,72p,1156b,470s stack positions out of 5000i,500n,10000p,200000b,80000s
{/home/christopher/.TinyTeX/texmf-dist/fonts/enc/dvips/lm/lm-ec.enc}{/home/ch
ristopher/.TinyTeX/texmf-dist/fonts/enc/dvips/lm/lm-ts1.enc}</home/christopher/
.TinyTeX/texmf-dist/fonts/type1/public/lm/lmbx10.pfb></home/christopher/.TinyTe
X/texmf-dist/fonts/type1/public/lm/lmbx12.pfb></home/christopher/.TinyTeX/texmf
-dist/fonts/type1/public/lm/lmr10.pfb></home/christopher/.TinyTeX/texmf-dist/fo
nts/type1/public/lm/lmr12.pfb></home/christopher/.TinyTeX/texmf-dist/fonts/type
1/public/lm/lmr17.pfb></home/christopher/.TinyTeX/texmf-dist/fonts/type1/public
/lm/lmr6.pfb></home/christopher/.TinyTeX/texmf-dist/fonts/type1/public/lm/lmr7.
pfb></home/christopher/.TinyTeX/texmf-dist/fonts/type1/public/lm/lmr8.pfb></hom
e/christopher/.TinyTeX/texmf-dist/fonts/type1/public/lm/lmri10.pfb></home/chris
topher/.TinyTeX/texmf-dist/fonts/type1/public/lm/lmri8.pfb></home/christopher/.
TinyTeX/texmf-dist/fonts/type1/public/lm/lmro10.pfb></home/christopher/.TinyTeX
/texmf-dist/fonts/type1/public/lm/lmtk10.pfb></home/christopher/.TinyTeX/texmf-
dist/fonts/type1/public/lm/lmtt10.pfb></home/christopher/.TinyTeX/texmf-dist/fo
nts/type1/public/lm/lmtti10.pfb>
Output written on _main.pdf (40 pages, 435159 bytes).
PDF statistics:
 517 PDF objects out of 1000 (max. 8388607)
 446 compressed objects within 5 object streams
 123 named destinations out of 1000 (max. 500000)
 274 words of extra memory for PDF output out of 10000 (max. 10000000)

